<?xml version="1.0" encoding="UTF-8"?>
<testsuite xmlns:xsi="http://www.w3.org/2001/XMLSchema-instance" xsi:noNamespaceSchemaLocation="https://maven.apache.org/surefire/maven-surefire-plugin/xsd/surefire-test-report-3.0.xsd" version="3.0" name="ec.edu.utpl.ti.pintegrativa.microservices.biblioteca.MainTest" time="0.462" tests="1" errors="0" skipped="0" failures="0">
  <properties>
    <property name="java.specification.version" value="21"/>
    <property name="sun.cpu.isalist" value="amd64"/>
    <property name="sun.jnu.encoding" value="Cp1252"/>
    <property name="java.class.path" value="D:\User Files\GitHub\UTPL\8c_pi\microservices\target\test-classes;D:\User Files\GitHub\UTPL\8c_pi\microservices\target\classes;C:\Users\Federico\.m2\repository\io\helidon\webserver\helidon-webserver\2.3.2\helidon-webserver-2.3.2.jar;C:\Users\Federico\.m2\repository\io\helidon\common\helidon-common-reactive\2.3.2\helidon-common-reactive-2.3.2.jar;C:\Users\Federico\.m2\repository\io\helidon\common\helidon-common-mapper\2.3.2\helidon-common-mapper-2.3.2.jar;C:\Users\Federico\.m2\repository\io\helidon\common\helidon-common\2.3.2\helidon-common-2.3.2.jar;C:\Users\Federico\.m2\repository\io\helidon\common\helidon-common-http\2.3.2\helidon-common-http-2.3.2.jar;C:\Users\Federico\.m2\repository\io\helidon\media\helidon-media-common\2.3.2\helidon-media-common-2.3.2.jar;C:\Users\Federico\.m2\repository\io\helidon\config\helidon-config\2.3.2\helidon-config-2.3.2.jar;C:\Users\Federico\.m2\repository\io\helidon\common\helidon-common-media-type\2.3.2\helidon-common-media-type-2.3.2.jar;C:\Users\Federico\.m2\repository\io\helidon\common\helidon-common-key-util\2.3.2\helidon-common-key-util-2.3.2.jar;C:\Users\Federico\.m2\repository\io\helidon\common\helidon-common-configurable\2.3.2\helidon-common-configurable-2.3.2.jar;C:\Users\Federico\.m2\repository\io\opentracing\opentracing-util\0.33.0\opentracing-util-0.33.0.jar;C:\Users\Federico\.m2\repository\io\opentracing\opentracing-api\0.33.0\opentracing-api-0.33.0.jar;C:\Users\Federico\.m2\repository\io\opentracing\opentracing-noop\0.33.0\opentracing-noop-0.33.0.jar;C:\Users\Federico\.m2\repository\io\helidon\tracing\helidon-tracing-config\2.3.2\helidon-tracing-config-2.3.2.jar;C:\Users\Federico\.m2\repository\io\netty\netty-codec-http\4.1.63.Final\netty-codec-http-4.1.63.Final.jar;C:\Users\Federico\.m2\repository\io\netty\netty-common\4.1.63.Final\netty-common-4.1.63.Final.jar;C:\Users\Federico\.m2\repository\io\netty\netty-transport\4.1.63.Final\netty-transport-4.1.63.Final.jar;C:\Users\Federico\.m2\repository\io\netty\netty-codec\4.1.63.Final\netty-codec-4.1.63.Final.jar;C:\Users\Federico\.m2\repository\io\netty\netty-codec-http2\4.1.63.Final\netty-codec-http2-4.1.63.Final.jar;C:\Users\Federico\.m2\repository\io\netty\netty-handler\4.1.63.Final\netty-handler-4.1.63.Final.jar;C:\Users\Federico\.m2\repository\io\netty\netty-resolver\4.1.63.Final\netty-resolver-4.1.63.Final.jar;C:\Users\Federico\.m2\repository\org\json\json\20240303\json-20240303.jar;C:\Users\Federico\.m2\repository\io\helidon\config\helidon-config-yaml\2.3.2\helidon-config-yaml-2.3.2.jar;C:\Users\Federico\.m2\repository\org\yaml\snakeyaml\1.27\snakeyaml-1.27.jar;C:\Users\Federico\.m2\repository\jakarta\annotation\jakarta.annotation-api\1.3.5\jakarta.annotation-api-1.3.5.jar;C:\Users\Federico\.m2\repository\org\eclipse\microprofile\config\microprofile-config-api\1.4\microprofile-config-api-1.4.jar;C:\Users\Federico\.m2\repository\com\networknt\json-schema-validator\1.4.0\json-schema-validator-1.4.0.jar;C:\Users\Federico\.m2\repository\com\ethlo\time\itu\1.8.0\itu-1.8.0.jar;C:\Users\Federico\.m2\repository\com\fasterxml\jackson\core\jackson-databind\2.12.1\jackson-databind-2.12.1.jar;C:\Users\Federico\.m2\repository\com\fasterxml\jackson\core\jackson-annotations\2.12.1\jackson-annotations-2.12.1.jar;C:\Users\Federico\.m2\repository\com\fasterxml\jackson\core\jackson-core\2.12.1\jackson-core-2.12.1.jar;C:\Users\Federico\.m2\repository\com\fasterxml\jackson\dataformat\jackson-dataformat-yaml\2.12.1\jackson-dataformat-yaml-2.12.1.jar;C:\Users\Federico\.m2\repository\org\slf4j\slf4j-api\1.7.30\slf4j-api-1.7.30.jar;C:\Users\Federico\.m2\repository\io\helidon\health\helidon-health\2.3.2\helidon-health-2.3.2.jar;C:\Users\Federico\.m2\repository\io\helidon\media\helidon-media-jsonp\2.3.2\helidon-media-jsonp-2.3.2.jar;C:\Users\Federico\.m2\repository\org\glassfish\jakarta.json\1.1.6\jakarta.json-1.1.6.jar;C:\Users\Federico\.m2\repository\io\helidon\fault-tolerance\helidon-fault-tolerance\2.3.2\helidon-fault-tolerance-2.3.2.jar;C:\Users\Federico\.m2\repository\org\eclipse\microprofile\health\microprofile-health-api\2.2\microprofile-health-api-2.2.jar;C:\Users\Federico\.m2\repository\io\helidon\webserver\helidon-webserver-cors\2.3.2\helidon-webserver-cors-2.3.2.jar;C:\Users\Federico\.m2\repository\io\helidon\health\helidon-health-checks\2.3.2\helidon-health-checks-2.3.2.jar;C:\Users\Federico\.m2\repository\io\helidon\health\helidon-health-common\2.3.2\helidon-health-common-2.3.2.jar;C:\Users\Federico\.m2\repository\io\helidon\metrics\helidon-metrics\2.3.2\helidon-metrics-2.3.2.jar;C:\Users\Federico\.m2\repository\io\helidon\config\helidon-config-mp\2.3.2\helidon-config-mp-2.3.2.jar;C:\Users\Federico\.m2\repository\io\helidon\common\helidon-common-service-loader\2.3.2\helidon-common-service-loader-2.3.2.jar;C:\Users\Federico\.m2\repository\org\eclipse\microprofile\metrics\microprofile-metrics-api\2.3.2\microprofile-metrics-api-2.3.2.jar;C:\Users\Federico\.m2\repository\io\helidon\service-common\helidon-service-common-rest\2.3.2\helidon-service-common-rest-2.3.2.jar;C:\Users\Federico\.m2\repository\org\junit\jupiter\junit-jupiter-api\5.7.0\junit-jupiter-api-5.7.0.jar;C:\Users\Federico\.m2\repository\org\apiguardian\apiguardian-api\1.1.0\apiguardian-api-1.1.0.jar;C:\Users\Federico\.m2\repository\org\opentest4j\opentest4j\1.2.0\opentest4j-1.2.0.jar;C:\Users\Federico\.m2\repository\org\junit\platform\junit-platform-commons\1.7.0\junit-platform-commons-1.7.0.jar;C:\Users\Federico\.m2\repository\io\helidon\webclient\helidon-webclient\2.3.2\helidon-webclient-2.3.2.jar;C:\Users\Federico\.m2\repository\io\helidon\common\helidon-common-context\2.3.2\helidon-common-context-2.3.2.jar;C:\Users\Federico\.m2\repository\io\netty\netty-buffer\4.1.63.Final\netty-buffer-4.1.63.Final.jar;C:\Users\Federico\.m2\repository\io\netty\netty-handler-proxy\4.1.63.Final\netty-handler-proxy-4.1.63.Final.jar;C:\Users\Federico\.m2\repository\io\netty\netty-codec-socks\4.1.63.Final\netty-codec-socks-4.1.63.Final.jar;"/>
    <property name="java.vm.vendor" value="Oracle Corporation"/>
    <property name="sun.arch.data.model" value="64"/>
    <property name="user.variant" value=""/>
    <property name="java.vendor.url" value="https://java.oracle.com/"/>
    <property name="user.timezone" value="America/Bogota"/>
    <property name="os.name" value="Windows 10"/>
    <property name="java.vm.specification.version" value="21"/>
    <property name="sun.java.launcher" value="SUN_STANDARD"/>
    <property name="user.country" value="US"/>
    <property name="sun.boot.library.path" value="C:\Program Files\Java\jdk-21\bin"/>
    <property name="sun.java.command" value="C:\Users\Federico\AppData\Local\Temp\surefire2077097706396467410\surefirebooter14994026252873673237.jar C:\Users\Federico\AppData\Local\Temp\surefire2077097706396467410 2024-05-23T14-37-37_560-jvmRun1 surefire5062326135152565199tmp surefire_06926455684737897116tmp"/>
    <property name="jdk.debug" value="release"/>
    <property name="surefire.test.class.path" value="D:\User Files\GitHub\UTPL\8c_pi\microservices\target\test-classes;D:\User Files\GitHub\UTPL\8c_pi\microservices\target\classes;C:\Users\Federico\.m2\repository\io\helidon\webserver\helidon-webserver\2.3.2\helidon-webserver-2.3.2.jar;C:\Users\Federico\.m2\repository\io\helidon\common\helidon-common-reactive\2.3.2\helidon-common-reactive-2.3.2.jar;C:\Users\Federico\.m2\repository\io\helidon\common\helidon-common-mapper\2.3.2\helidon-common-mapper-2.3.2.jar;C:\Users\Federico\.m2\repository\io\helidon\common\helidon-common\2.3.2\helidon-common-2.3.2.jar;C:\Users\Federico\.m2\repository\io\helidon\common\helidon-common-http\2.3.2\helidon-common-http-2.3.2.jar;C:\Users\Federico\.m2\repository\io\helidon\media\helidon-media-common\2.3.2\helidon-media-common-2.3.2.jar;C:\Users\Federico\.m2\repository\io\helidon\config\helidon-config\2.3.2\helidon-config-2.3.2.jar;C:\Users\Federico\.m2\repository\io\helidon\common\helidon-common-media-type\2.3.2\helidon-common-media-type-2.3.2.jar;C:\Users\Federico\.m2\repository\io\helidon\common\helidon-common-key-util\2.3.2\helidon-common-key-util-2.3.2.jar;C:\Users\Federico\.m2\repository\io\helidon\common\helidon-common-configurable\2.3.2\helidon-common-configurable-2.3.2.jar;C:\Users\Federico\.m2\repository\io\opentracing\opentracing-util\0.33.0\opentracing-util-0.33.0.jar;C:\Users\Federico\.m2\repository\io\opentracing\opentracing-api\0.33.0\opentracing-api-0.33.0.jar;C:\Users\Federico\.m2\repository\io\opentracing\opentracing-noop\0.33.0\opentracing-noop-0.33.0.jar;C:\Users\Federico\.m2\repository\io\helidon\tracing\helidon-tracing-config\2.3.2\helidon-tracing-config-2.3.2.jar;C:\Users\Federico\.m2\repository\io\netty\netty-codec-http\4.1.63.Final\netty-codec-http-4.1.63.Final.jar;C:\Users\Federico\.m2\repository\io\netty\netty-common\4.1.63.Final\netty-common-4.1.63.Final.jar;C:\Users\Federico\.m2\repository\io\netty\netty-transport\4.1.63.Final\netty-transport-4.1.63.Final.jar;C:\Users\Federico\.m2\repository\io\netty\netty-codec\4.1.63.Final\netty-codec-4.1.63.Final.jar;C:\Users\Federico\.m2\repository\io\netty\netty-codec-http2\4.1.63.Final\netty-codec-http2-4.1.63.Final.jar;C:\Users\Federico\.m2\repository\io\netty\netty-handler\4.1.63.Final\netty-handler-4.1.63.Final.jar;C:\Users\Federico\.m2\repository\io\netty\netty-resolver\4.1.63.Final\netty-resolver-4.1.63.Final.jar;C:\Users\Federico\.m2\repository\org\json\json\20240303\json-20240303.jar;C:\Users\Federico\.m2\repository\io\helidon\config\helidon-config-yaml\2.3.2\helidon-config-yaml-2.3.2.jar;C:\Users\Federico\.m2\repository\org\yaml\snakeyaml\1.27\snakeyaml-1.27.jar;C:\Users\Federico\.m2\repository\jakarta\annotation\jakarta.annotation-api\1.3.5\jakarta.annotation-api-1.3.5.jar;C:\Users\Federico\.m2\repository\org\eclipse\microprofile\config\microprofile-config-api\1.4\microprofile-config-api-1.4.jar;C:\Users\Federico\.m2\repository\com\networknt\json-schema-validator\1.4.0\json-schema-validator-1.4.0.jar;C:\Users\Federico\.m2\repository\com\ethlo\time\itu\1.8.0\itu-1.8.0.jar;C:\Users\Federico\.m2\repository\com\fasterxml\jackson\core\jackson-databind\2.12.1\jackson-databind-2.12.1.jar;C:\Users\Federico\.m2\repository\com\fasterxml\jackson\core\jackson-annotations\2.12.1\jackson-annotations-2.12.1.jar;C:\Users\Federico\.m2\repository\com\fasterxml\jackson\core\jackson-core\2.12.1\jackson-core-2.12.1.jar;C:\Users\Federico\.m2\repository\com\fasterxml\jackson\dataformat\jackson-dataformat-yaml\2.12.1\jackson-dataformat-yaml-2.12.1.jar;C:\Users\Federico\.m2\repository\org\slf4j\slf4j-api\1.7.30\slf4j-api-1.7.30.jar;C:\Users\Federico\.m2\repository\io\helidon\health\helidon-health\2.3.2\helidon-health-2.3.2.jar;C:\Users\Federico\.m2\repository\io\helidon\media\helidon-media-jsonp\2.3.2\helidon-media-jsonp-2.3.2.jar;C:\Users\Federico\.m2\repository\org\glassfish\jakarta.json\1.1.6\jakarta.json-1.1.6.jar;C:\Users\Federico\.m2\repository\io\helidon\fault-tolerance\helidon-fault-tolerance\2.3.2\helidon-fault-tolerance-2.3.2.jar;C:\Users\Federico\.m2\repository\org\eclipse\microprofile\health\microprofile-health-api\2.2\microprofile-health-api-2.2.jar;C:\Users\Federico\.m2\repository\io\helidon\webserver\helidon-webserver-cors\2.3.2\helidon-webserver-cors-2.3.2.jar;C:\Users\Federico\.m2\repository\io\helidon\health\helidon-health-checks\2.3.2\helidon-health-checks-2.3.2.jar;C:\Users\Federico\.m2\repository\io\helidon\health\helidon-health-common\2.3.2\helidon-health-common-2.3.2.jar;C:\Users\Federico\.m2\repository\io\helidon\metrics\helidon-metrics\2.3.2\helidon-metrics-2.3.2.jar;C:\Users\Federico\.m2\repository\io\helidon\config\helidon-config-mp\2.3.2\helidon-config-mp-2.3.2.jar;C:\Users\Federico\.m2\repository\io\helidon\common\helidon-common-service-loader\2.3.2\helidon-common-service-loader-2.3.2.jar;C:\Users\Federico\.m2\repository\org\eclipse\microprofile\metrics\microprofile-metrics-api\2.3.2\microprofile-metrics-api-2.3.2.jar;C:\Users\Federico\.m2\repository\io\helidon\service-common\helidon-service-common-rest\2.3.2\helidon-service-common-rest-2.3.2.jar;C:\Users\Federico\.m2\repository\org\junit\jupiter\junit-jupiter-api\5.7.0\junit-jupiter-api-5.7.0.jar;C:\Users\Federico\.m2\repository\org\apiguardian\apiguardian-api\1.1.0\apiguardian-api-1.1.0.jar;C:\Users\Federico\.m2\repository\org\opentest4j\opentest4j\1.2.0\opentest4j-1.2.0.jar;C:\Users\Federico\.m2\repository\org\junit\platform\junit-platform-commons\1.7.0\junit-platform-commons-1.7.0.jar;C:\Users\Federico\.m2\repository\io\helidon\webclient\helidon-webclient\2.3.2\helidon-webclient-2.3.2.jar;C:\Users\Federico\.m2\repository\io\helidon\common\helidon-common-context\2.3.2\helidon-common-context-2.3.2.jar;C:\Users\Federico\.m2\repository\io\netty\netty-buffer\4.1.63.Final\netty-buffer-4.1.63.Final.jar;C:\Users\Federico\.m2\repository\io\netty\netty-handler-proxy\4.1.63.Final\netty-handler-proxy-4.1.63.Final.jar;C:\Users\Federico\.m2\repository\io\netty\netty-codec-socks\4.1.63.Final\netty-codec-socks-4.1.63.Final.jar;"/>
    <property name="sun.cpu.endian" value="little"/>
    <property name="user.home" value="C:\Users\Federico"/>
    <property name="user.language" value="en"/>
    <property name="java.specification.vendor" value="Oracle Corporation"/>
    <property name="java.version.date" value="2023-10-17"/>
    <property name="java.home" value="C:\Program Files\Java\jdk-21"/>
    <property name="file.separator" value="\"/>
    <property name="basedir" value="D:\User Files\GitHub\UTPL\8c_pi\microservices"/>
    <property name="java.vm.compressedOopsMode" value="Zero based"/>
    <property name="line.separator" value="&#10;"/>
    <property name="java.vm.specification.vendor" value="Oracle Corporation"/>
    <property name="java.specification.name" value="Java Platform API Specification"/>
    <property name="surefire.real.class.path" value="C:\Users\Federico\AppData\Local\Temp\surefire2077097706396467410\surefirebooter14994026252873673237.jar"/>
    <property name="user.script" value=""/>
    <property name="java.util.logging.config.file" value="D:\User Files\GitHub\UTPL\8c_pi\microservices\target\classes/logging.properties"/>
    <property name="sun.management.compiler" value="HotSpot 64-Bit Tiered Compilers"/>
    <property name="java.runtime.version" value="21.0.1+12-LTS-29"/>
    <property name="user.name" value="Federico"/>
    <property name="stdout.encoding" value="Cp1252"/>
    <property name="path.separator" value=";"/>
    <property name="os.version" value="10.0"/>
    <property name="java.runtime.name" value="Java(TM) SE Runtime Environment"/>
    <property name="file.encoding" value="UTF-8"/>
    <property name="sun.nio.ch.bugLevel" value=""/>
    <property name="java.vm.name" value="Java HotSpot(TM) 64-Bit Server VM"/>
    <property name="localRepository" value="C:\Users\Federico\.m2\repository"/>
    <property name="java.vendor.url.bug" value="https://bugreport.java.com/bugreport/"/>
    <property name="java.io.tmpdir" value="C:\Users\Federico\AppData\Local\Temp\"/>
    <property name="java.version" value="21.0.1"/>
    <property name="user.dir" value="D:\User Files\GitHub\UTPL\8c_pi\microservices"/>
    <property name="os.arch" value="amd64"/>
    <property name="java.vm.specification.name" value="Java Virtual Machine Specification"/>
    <property name="sun.os.patch.level" value=""/>
    <property name="native.encoding" value="Cp1252"/>
    <property name="java.library.path" value="C:\Program Files\Java\jdk-21\bin;C:\Windows\Sun\Java\bin;C:\Windows\system32;C:\Windows;C:\apache-maven-3.9.6\bin;C:\Program Files (x86)\Intel\Intel(R) Management Engine Components\iCLS\;C:\Program Files\Intel\Intel(R) Management Engine Components\iCLS\;C:\Program Files\Common Files\Oracle\Java\javapath;C:\Windows\system32;C:\Windows;C:\Windows\System32\Wbem;C:\Windows\System32\WindowsPowerShell\v1.0\;C:\Windows\System32\OpenSSH\;C:\ProgramData\chocolatey\bin;C:\Program Files\nodejs\;C:\Program Files\Git\cmd;C:\Program Files (x86)\Intel\Intel(R) Management Engine Components\DAL;C:\Program Files\Intel\Intel(R) Management Engine Components\DAL;C:\Program Files (x86)\Intel\Intel(R) Management Engine Components\IPT;C:\Program Files\Intel\Intel(R) Management Engine Components\IPT;C:\Program Files\dotnet\;C:\Program Files\Docker\Docker\resources\bin;C:\flutter\bin;C:\apache-maven-3.9.6\bin;C:\Users\Federico\AppData\Local\Programs\Python\Python312\Scripts\;C:\Users\Federico\AppData\Local\Programs\Python\Python312\;C:\Users\Federico\AppData\Local\Programs\Python\Launcher\;C:\Users\Federico\AppData\Local\Microsoft\WindowsApps;C:\Users\Federico\AppData\Local\Programs\Microsoft VS Code\bin;C:\Users\Federico\AppData\Roaming\npm;;."/>
    <property name="java.vm.info" value="mixed mode, sharing"/>
    <property name="stderr.encoding" value="Cp1252"/>
    <property name="java.vendor" value="Oracle Corporation"/>
    <property name="java.vm.version" value="21.0.1+12-LTS-29"/>
    <property name="sun.io.unicode.encoding" value="UnicodeLittle"/>
    <property name="java.class.version" value="65.0"/>
  </properties>
  <testcase name="testHelloWorld" classname="ec.edu.utpl.ti.pintegrativa.microservices.biblioteca.MainTest" time="0.107">
    <system-out><![CDATA[2024.05.23 14:37:38 INFO io.helidon.common.LogConfig Thread[#1,main,5,main]: Logging at initialization configured using D:\User Files\GitHub\UTPL\8c_pi\microservices\target\classes\logging.properties
2024.05.23 14:37:38 INFO io.helidon.common.HelidonFeatures Thread[#33,features-thread,5,main]: Helidon SE 2.3.2 features: [Config, Health, Metrics, Web Client, WebServer]
2024.05.23 14:37:38 INFO io.helidon.common.HelidonFeatures.experimental Thread[#33,features-thread,5,main]: You are using experimental features. These APIs may change, please follow changelog!
2024.05.23 14:37:38 INFO io.helidon.common.HelidonFeatures.experimental Thread[#33,features-thread,5,main]: 	Experimental feature: Web Client (WebClient)
2024.05.23 14:37:38 INFO io.helidon.webserver.NettyWebServer Thread[#34,nioEventLoopGroup-2-1,10,main]: Channel '@default' started: [id: 0x49e7cdf3, L:/[0:0:0:0:0:0:0:0]:8080]
WEB server is up! http://localhost:8080/greet
]]></system-out>
    <system-err><![CDATA[SLF4J: Failed to load class "org.slf4j.impl.StaticLoggerBinder".
SLF4J: Defaulting to no-operation (NOP) logger implementation
SLF4J: See http://www.slf4j.org/codes.html#StaticLoggerBinder for further details.
]]></system-err>
  </testcase>
</testsuite>